[11:47:46] [main/INFO] (FabricLoader) Loading for game Minecraft 1.17.1
[11:47:47] [ForkJoinPool-1-worker-3/WARN] (Fabric|Loader) Non-Fabric mod JAR at "C:\Users\gzeli\Desktop\amogus toys mod what am i doing with my life\fabric-example-mod-1.17\run\mods\preview_OptiFine_1.17.1_HD_U_G9_pre35.jar", ignoring
[11:47:47] [main/INFO] (Fabric|Loader) [FabricLoader] Loading 56 mods:
	- amogusmod@1.0.0
	- architectury@2.5.27
	- cloth-basic-math@0.5.1
	- cloth-config2@5.0.38
	- fabric@0.39.2+1.17
	- fabric-api-base@0.3.0+a02b446318
	- fabric-api-lookup-api-v1@1.3.0+2f75c6ce18
	- fabric-biome-api-v1@3.2.0+b06cb95b18
	- fabric-blockrenderlayer-v1@1.1.5+a02b446318
	- fabric-command-api-v1@1.1.3+5ab9934c18
	- fabric-commands-v0@0.2.2+92519afa18
	- fabric-containers-v0@0.1.12+a02b446318
	- fabric-content-registries-v0@0.3.0+211ddf9518
	- fabric-crash-report-info-v1@0.1.5+be9da31018
	- fabric-dimensions-v1@2.0.11+6cefd57718
	- fabric-entity-events-v1@1.2.2+62e33f4118
	- fabric-events-interaction-v0@0.4.9+a722d8c018
	- fabric-events-lifecycle-v0@0.2.1+92519afa18
	- fabric-game-rule-api-v1@1.0.7+6cefd57718
	- fabric-item-api-v1@1.2.4+cbda931818
	- fabric-item-groups-v0@0.2.10+b7ab612118
	- fabric-key-binding-api-v1@1.0.4+cbda931818
	- fabric-keybindings-v0@0.2.2+36b77c3e18
	- fabric-lifecycle-events-v1@1.4.4+a02b446318
	- fabric-loot-tables-v1@1.0.4+a02b446318
	- fabric-mining-levels-v0@0.1.3+92519afa18
	- fabric-models-v0@0.3.0+a02b446318
	- fabric-networking-api-v1@1.0.13+2e8bd82f18
	- fabric-networking-blockentity-v0@0.2.11+a02b446318
	- fabric-networking-v0@0.3.2+92519afa18
	- fabric-object-builder-api-v1@1.10.9+cbda931818
	- fabric-object-builders-v0@0.7.3+a02b446318
	- fabric-particles-v1@0.2.4+a02b446318
	- fabric-registry-sync-v0@0.7.10+e2961fee18
	- fabric-renderer-api-v1@0.4.4+5f02c96918
	- fabric-renderer-indigo@0.4.8+a02b446318
	- fabric-renderer-registries-v1@3.2.1+b06cb95b18
	- fabric-rendering-data-attachment-v1@0.1.5+a02b446318
	- fabric-rendering-fluids-v1@0.1.13+a02b446318
	- fabric-rendering-v0@1.1.2+92519afa18
	- fabric-rendering-v1@1.8.0+b06cb95b18
	- fabric-resource-loader-v0@0.4.8+a00e834b18
	- fabric-screen-api-v1@1.0.4+155f865c18
	- fabric-screen-handler-api-v1@1.1.8+a02b446318
	- fabric-structure-api-v1@1.1.13+5ab9934c18
	- fabric-tag-extensions-v0@1.2.1+b06cb95b18
	- fabric-textures-v0@1.0.6+a02b446318
	- fabric-tool-attribute-api-v1@1.2.12+b7ab612118
	- fabric-transfer-api-v1@1.1.2+96bf6a7e18
	- fabricloader@0.11.6
	- java@16
	- minecraft@1.17.1
	- mm@2.3
	- modmenu@2.0.11
	- optifabric@1.11.20
	- roughlyenoughitems@6.0.279-alpha
[11:47:59] [main/INFO] (mixin) SpongePowered MIXIN Subsystem Version=0.8.2 Source=file:/C:/Users/gzeli/.gradle/caches/modules-2/files-2.1/net.fabricmc/sponge-mixin/0.9.4+mixin.0.8.2/ef410951e94c7f4939cc74c86f8df371827818a4/sponge-mixin-0.9.4+mixin.0.8.2.jar Service=Knot/Fabric Env=CLIENT
[11:47:59] [main/INFO] (Fabric|MixinBootstrap) Loaded Fabric development mappings for mixin remapper!
[11:47:59] [main/INFO] (mixin) Compatibility level set to JAVA_16
[11:48:00] [main/WARN] (mixin) @Mixin target net/minecraft/server/world/ServerWorld$ServerEntityHandler is public in fabric-lifecycle-events-v1.mixins.json:ServerWorldEntityLoaderMixin and should be specified in value
[11:48:00] [main/WARN] (mixin) @Mixin target net/minecraft/client/world/ClientWorld$ClientEntityHandler is public in fabric-lifecycle-events-v1.mixins.json:client.ClientWorldEntityLoaderMixin and should be specified in value
[11:48:00] [main/WARN] (mixin) @Mixin target net/minecraft/client/render/block/BlockModelRenderer$AmbientOcclusionCalculator is public in fabric-renderer-indigo.mixins.json:MixinAmbientOcclusionCalculator and should be specified in value
[11:48:00] [main/WARN] (mixin) @Mixin target net/minecraft/client/render/chunk/ChunkBuilder$BuiltChunk$RebuildTask is public in fabric-renderer-indigo.mixins.json:MixinChunkRebuildTask and should be specified in value
[11:48:00] [main/WARN] (mixin) @Mixin target net/minecraft/server/network/ServerPlayNetworkHandler$1 is public in fabric-events-interaction-v0.mixins.json:MixinServerPlayNetworkHandler and should be specified in value
[11:48:00] [main/WARN] (mixin) @Mixin target net/minecraft/village/TradeOffers$TypeAwareBuyForOneEmeraldFactory is public in fabric-object-builder-v1.mixins.json:TypeAwareTradeMixin and should be specified in value
[11:48:01] [main/WARN] (mixin) @Mixin target net/minecraft/client/font/FontManager$1 is public in fabric-resource-loader-v0.mixins.json:client.FontManagerResourceReloadListenerMixin and should be specified in value
[11:48:01] [main/WARN] (mixin) @Mixin target net/minecraft/server/command/GameRuleCommand$1 is public in fabric-game-rule-api-v1.mixins.json:GameRuleCommandVisitorMixin and should be specified in value
[11:48:01] [main/WARN] (mixin) @Mixin target net/minecraft/client/gui/screen/world/EditGameRulesScreen$RuleListWidget$1 is public in fabric-game-rule-api-v1.mixins.json:client.RuleListWidgetVisitorMixin and should be specified in value
[11:48:01] [main/WARN] (mixin) @Mixin target net/minecraft/server/world/ThreadedAnvilChunkStorage$EntityTracker is public in fabric-networking-api-v1.mixins.json:accessor.EntityTrackerAccessor and should be specified in value
[11:48:01] [main/WARN] (mixin) @Mixin target net/minecraft/client/particle/ParticleManager$SimpleSpriteProvider is public in fabric-particles-v1.mixins.json:ParticleManagerAccessor$SimpleSpriteProviderAccessor and should be specified in value
[11:48:01] [main/WARN] (mixin) @Mixin target net/minecraft/data/server/AbstractTagProvider$ObjectBuilder is public in fabric-tag-extensions-v0.mixins.json:MixinObjectBuilder and should be specified in value
[11:48:01] [main/WARN] (mixin) @Mixin target net/minecraft/tag/RequiredTagList$TagWrapper is public in fabric-tag-extensions-v0.mixins.json:MixinTagImpl and should be specified in value
[11:48:03] [main/WARN] (mixin) @Mixin target net/minecraft/client/render/chunk/ChunkBuilder$BuiltChunk$RebuildTask is public in optifabric.compat.indigo.mixins.json:RebuildTaskMixin and should be specified in value
[11:48:05] [main/WARN] (FileUtil) Configuration conflict: there is more than one oshi.properties file on the classpath
[11:48:06] [main/WARN] (FileUtil) Configuration conflict: there is more than one oshi.architecture.properties file on the classpath
[11:48:08] [main/INFO] (Log) [OptiFine] (Reflector) Field not found: World.tileEntitiesToBeRemoved
[11:48:12] [main/INFO] (Log) [OptiFine] (Reflector) Method not present: net.minecraft.tag.ItemTags.createOptional
[11:48:20] [Render thread/INFO] (Minecraft) Environment: authHost='https://authserver.mojang.com', accountsHost='https://api.mojang.com', sessionHost='https://sessionserver.mojang.com', servicesHost='https://api.minecraftservices.com', name='PROD'
[11:48:23] [Render thread/ERROR] (Minecraft) Failed to verify authentication
com.mojang.authlib.exceptions.InvalidCredentialsException: Status: 401
	at com.mojang.authlib.exceptions.MinecraftClientHttpException.toAuthenticationException(MinecraftClientHttpException.java:56) ~[authlib-2.3.31.jar:?]
	at com.mojang.authlib.yggdrasil.YggdrasilSocialInteractionsService.checkPrivileges(YggdrasilSocialInteractionsService.java:112) ~[authlib-2.3.31.jar:?]
	at com.mojang.authlib.yggdrasil.YggdrasilSocialInteractionsService.<init>(YggdrasilSocialInteractionsService.java:42) ~[authlib-2.3.31.jar:?]
	at com.mojang.authlib.yggdrasil.YggdrasilAuthenticationService.createSocialInteractionsService(YggdrasilAuthenticationService.java:151) ~[authlib-2.3.31.jar:?]
	at net.minecraft.client.MinecraftClient.createSocialInteractionsService(MinecraftClient.java:670) [minecraft-1.17.1-mapped-net.fabricmc.yarn-1.17.1+build.39-v2.jar:?]
	at net.minecraft.client.MinecraftClient.<init>(MinecraftClient.java:429) [minecraft-1.17.1-mapped-net.fabricmc.yarn-1.17.1+build.39-v2.jar:?]
	at net.minecraft.client.main.Main.main(Main.java:179) [minecraft-1.17.1-mapped-net.fabricmc.yarn-1.17.1+build.39-v2.jar:?]
	at jdk.internal.reflect.NativeMethodAccessorImpl.invoke0(Native Method) ~[?:?]
	at jdk.internal.reflect.NativeMethodAccessorImpl.invoke(NativeMethodAccessorImpl.java:78) ~[?:?]
	at jdk.internal.reflect.DelegatingMethodAccessorImpl.invoke(DelegatingMethodAccessorImpl.java:43) ~[?:?]
	at java.lang.reflect.Method.invoke(Method.java:567) ~[?:?]
	at net.fabricmc.loader.game.MinecraftGameProvider.launch(MinecraftGameProvider.java:234) [fabric-loader-0.11.6.jar:?]
	at net.fabricmc.loader.launch.knot.Knot.launch(Knot.java:153) [fabric-loader-0.11.6.jar:?]
	at net.fabricmc.loader.launch.knot.KnotClient.main(KnotClient.java:28) [fabric-loader-0.11.6.jar:?]
	at net.fabricmc.devlaunchinjector.Main.main(Main.java:86) [dev-launch-injector-0.2.1+build.8.jar:?]
Caused by: com.mojang.authlib.exceptions.MinecraftClientHttpException: Status: 401
	at com.mojang.authlib.minecraft.client.MinecraftClient.readInputStream(MinecraftClient.java:77) ~[authlib-2.3.31.jar:?]
	at com.mojang.authlib.minecraft.client.MinecraftClient.get(MinecraftClient.java:47) ~[authlib-2.3.31.jar:?]
	at com.mojang.authlib.yggdrasil.YggdrasilSocialInteractionsService.checkPrivileges(YggdrasilSocialInteractionsService.java:104) ~[authlib-2.3.31.jar:?]
	... 13 more
[11:48:23] [Render thread/INFO] (Minecraft) Setting user: Player393
[11:48:23] [Render thread/INFO] (MM) Definitely not up to no good
[11:48:23] [Render thread/INFO] (REI) Config loaded.
[11:48:23] [Render thread/INFO] (REI) Registered plugin provider DefaultPlugin [roughlyenoughitems] for REIPlugin
[11:48:23] [Render thread/INFO] (REI) Registered plugin provider DefaultRuntimePlugin [roughlyenoughitems] for REIPlugin
[11:48:23] [Render thread/INFO] (REI) Registered plugin provider DefaultClientPlugin [roughlyenoughitems] for REIPlugin
[11:48:24] [Render thread/INFO] (REI) Registered plugin provider DefaultClientRuntimePlugin [roughlyenoughitems] for REIPlugin
[11:48:24] [Render thread/INFO] (REI) Registered plugin provider DefaultPlugin [roughlyenoughitems] for REIServerPlugin
[11:48:24] [Render thread/INFO] (REI) Registered plugin provider DefaultRuntimePlugin [roughlyenoughitems] for REIServerPlugin
[11:48:24] [Render thread/INFO] (Minecraft) [STDOUT]: Hello Fabric world!
[11:48:24] [Render thread/WARN] (mixin) @Inject(@At("INVOKE")) Shift.BY=3 on fabric-lifecycle-events-v1.mixins.json:client.WorldChunkMixin::handler$zzn000$onLoadBlockEntity exceeds the maximum allowed value: 0. Increase the value of maxShiftBy to suppress this warning.
[11:48:24] [Render thread/WARN] (Mod Menu) WARNING! Mod mm is only using deprecated 'modmenu:api' custom value! This will be removed in 1.18 snapshots, so ask the author of this mod to support the new API.
[11:48:24] [Render thread/WARN] (Mod Menu) WARNING! Mod cloth-basic-math is only using deprecated 'modmenu:api' custom value! This will be removed in 1.18 snapshots, so ask the author of this mod to support the new API.
[11:48:24] [Render thread/WARN] (Mod Menu) WARNING! Mod architectury is only using deprecated 'modmenu:api' custom value! This will be removed in 1.18 snapshots, so ask the author of this mod to support the new API.
[11:48:24] [Render thread/INFO] (REI) Registered plugin provider DefaultClientPlugin [roughlyenoughitems] for REIClientPlugin
[11:48:24] [Render thread/INFO] (REI) Registered plugin provider DefaultClientRuntimePlugin [roughlyenoughitems] for REIClientPlugin
[11:48:24] [Render thread/INFO] (Indigo) [Indigo] Registering Indigo renderer!
[11:48:24] [Render thread/INFO] (Indigo) [Indigo] Compatibility mode enabled.
[11:48:25] [Render thread/INFO] (Log) [OptiFine] (Reflector) Method not present: net.minecraft.client.option.KeyBinding.getKeyModifier
[11:48:25] [Render thread/INFO] (Minecraft) Backend library: LWJGL version 3.2.2 build 10
[11:48:29] [Render thread/INFO] (Config) [OptiFine] 
[11:48:29] [Render thread/INFO] (Config) [OptiFine] OptiFine_1.17.1_HD_U_G9_pre35
[11:48:29] [Render thread/INFO] (Config) [OptiFine] Build: 20210824-225902
[11:48:29] [Render thread/INFO] (Config) [OptiFine] OS: Windows 10 (amd64) version 10.0
[11:48:29] [Render thread/INFO] (Config) [OptiFine] Java: 16.0.1, Oracle Corporation
[11:48:29] [Render thread/INFO] (Config) [OptiFine] VM: OpenJDK 64-Bit Server VM (mixed mode, sharing), Oracle Corporation
[11:48:29] [Render thread/INFO] (Config) [OptiFine] LWJGL: 3.3.0 Win32 WGL EGL OSMesa VisualC DLL
[11:48:29] [Render thread/INFO] (Config) [OptiFine] OpenGL: GeForce MX150/PCIe/SSE2, version 3.2.0 NVIDIA 461.72, NVIDIA Corporation
[11:48:29] [Render thread/INFO] (Config) [OptiFine] OpenGL Version: 3.2.0
[11:48:29] [Render thread/INFO] (Config) [OptiFine] Maximum texture size: 32768x32768
[11:48:29] [VersionCheck/INFO] (Config) [OptiFine] Checking for new version
[11:48:29] [Render thread/INFO] (SMCLog) [Shaders] OpenGL Version: 3.2.0 NVIDIA 461.72
[11:48:29] [Render thread/INFO] (SMCLog) [Shaders] Vendor:  NVIDIA Corporation
[11:48:29] [Render thread/INFO] (SMCLog) [Shaders] Renderer: GeForce MX150/PCIe/SSE2
[11:48:29] [Render thread/INFO] (SMCLog) [Shaders] Capabilities:  2.0  2.1  3.0  3.2  - 
[11:48:29] [Render thread/INFO] (SMCLog) [Shaders] GL_MAX_DRAW_BUFFERS: 8
[11:48:29] [Render thread/INFO] (SMCLog) [Shaders] GL_MAX_COLOR_ATTACHMENTS: 8
[11:48:29] [Render thread/INFO] (SMCLog) [Shaders] GL_MAX_TEXTURE_IMAGE_UNITS: 32
[11:48:29] [Render thread/INFO] (SMCLog) [Shaders] Load shaders configuration.
[11:48:29] [Render thread/INFO] (SMCLog) [Shaders] Save shaders configuration.
[11:48:29] [Render thread/INFO] (SMCLog) [Shaders] No shaderpack loaded.
[11:48:30] [VersionCheck/INFO] (Config) [OptiFine] Version found: G9
[11:48:30] [Render thread/WARN] (Config) [OptiFine] java.lang.ClassNotFoundException: sun.misc.SharedSecrets
[11:48:30] [Render thread/WARN] (Config) [OptiFine] java.lang.ClassNotFoundException: jdk.internal.misc.SharedSecrets
[11:48:30] [Render thread/WARN] (Config) [OptiFine] java.lang.ClassNotFoundException: sun.misc.VM
[11:48:30] [Render thread/WARN] (Config) [OptiFine] java.lang.reflect.InaccessibleObjectException: Unable to make public static long jdk.internal.misc.VM.maxDirectMemory() accessible: module java.base does not "exports jdk.internal.misc" to unnamed module @390671f7
[11:48:32] [Render thread/INFO] (Minecraft) Narrator library for x64 successfully loaded
[11:48:32] [Render thread/INFO] (Minecraft) Reloading ResourceManager: Default, Fabric Mods (Manningham Mills, Mod Menu, Roughly Enough Items, Cloth Config v5, OptiFabric, Fabric Renderer API (v1), Fabric Key Bindings (v0), Fabric Loader, Fabric Transfer API (v1), Fabric Structure API (v1), Fabric Containers (v0), Fabric Object Builder API (v1), Fabric Dimensions API (v1), Fabric Game Rule API (v1), Fabric API Base, Fabric Rendering Data Attachment (v1), Fabric Textures (v0), Fabric Rendering Fluids (v1), Amogus Mod, Fabric BlockRenderLayer Registration (v1), Fabric Lifecycle Events (v1), Fabric Renderer Registries (v1), Fabric Loot Tables (v1), Fabric API, Fabric Particles (v1), Fabric Networking (v0), Fabric API Lookup API (v1), Fabric Screen Handler API (v1), Fabric Networking Block Entity (v0), Fabric Command API (v1), Fabric Screen API (v1), Fabric Tool Attribute API (v1), Fabric Renderer - Indigo, Fabric Item API (v1), Fabric Crash Report Info (v1), Fabric Events Interaction (v0), Fabric Entity Events (v1), Fabric Rendering (v0), Fabric Key Binding API (v1), Fabric Rendering (v1), Fabric Resource Loader (v0), Fabric Content Registries (v0), Fabric Tag Extensions (v0), Fabric Biome API (v1), Fabric Commands (v0), Fabric Registry Sync (v0), Fabric Mining Levels (v0), Fabric Networking API (v1), Fabric Events Lifecycle (v0), Fabric Models (v0), Fabric Item Groups (v0), Fabric Object Builders (v0))
[11:48:32] [Render thread/INFO] (Config) [OptiFine] *** Reloading textures ***
[11:48:32] [Render thread/INFO] (Config) [OptiFine] Resource packs: Fabric Mods
[11:48:32] [Render thread/INFO] (Minecraft) [STDOUT]: This line is printed by an example mod mixin!
[11:48:33] [Worker-Main-13/INFO] (Config) [OptiFine] Multitexture: false
[11:48:33] [Worker-Main-11/INFO] (Config) [OptiFine] Multitexture: false
[11:48:33] [Worker-Main-9/INFO] (Config) [OptiFine] Multitexture: false
[11:48:33] [Render thread/INFO] (Log) [OptiFine] (Reflector) Method not present: net.minecraft.client.render.RenderLayers.canRenderInLayer
[11:48:33] [Render thread/INFO] (Reflector) [OptiFine] *** Reflector Forge ***
[11:48:33] [Render thread/INFO] (Log) [OptiFine] (Reflector) Class not present: mods.betterfoliage.client.BetterFoliageClient
[11:48:33] [Render thread/INFO] (Log) [OptiFine] (Reflector) Method not present: net.minecraft.client.render.block.BlockModels.getTexture
[11:48:33] [Render thread/INFO] (Log) [OptiFine] (Reflector) Field not present: net.minecraft.server.world.ChunkHolder.currentlyLoading
[11:48:33] [Render thread/INFO] (Log) [OptiFine] (Reflector) Method not present: net.minecraft.entity.EntityType.getTags
[11:48:33] [Render thread/INFO] (Log) [OptiFine] (Reflector) Method not present: net.minecraft.fluid.Fluid.getTags
[11:48:33] [Render thread/INFO] (Log) [OptiFine] (Reflector) Method not present: net.minecraft.world.chunk.Chunk.getWorldForge
[11:48:33] [Render thread/INFO] (Log) [OptiFine] (Reflector) Method not present: net.minecraft.client.option.KeyBinding.setKeyConflictContext
[11:48:33] [Render thread/INFO] (Log) [OptiFine] (Reflector) Method not present: net.minecraft.client.option.KeyBinding.setKeyModifierAndCode
[11:48:33] [Render thread/INFO] (Log) [OptiFine] (Reflector) Method not present: net.minecraft.client.render.RenderLayers.canRenderInLayer
[11:48:33] [Render thread/INFO] (Log) [OptiFine] (Reflector) Constructor not present: net.minecraft.server.world.ChunkTicket, params: class net.minecraft.server.world.ChunkTicketType, int, class java.lang.Object, boolean
[11:48:33] [Render thread/INFO] (Log) [OptiFine] (Reflector) Method not present: net.minecraft.server.world.ChunkTicket.isForceTicks
[11:48:33] [Render thread/INFO] (Log) [OptiFine] (Reflector) Method not present: net.minecraft.client.render.SkyProperties.getCloudRenderHandler
[11:48:33] [Render thread/INFO] (Log) [OptiFine] (Reflector) Method not present: net.minecraft.client.render.SkyProperties.getSkyRenderHandler
[11:48:33] [Render thread/INFO] (Log) [OptiFine] (Reflector) Method not present: net.minecraft.client.render.SkyProperties.getWeatherParticleRenderHandler
[11:48:33] [Render thread/INFO] (Log) [OptiFine] (Reflector) Method not present: net.minecraft.client.render.SkyProperties.getWeatherRenderHandler
[11:48:33] [Render thread/INFO] (Reflector) [OptiFine] *** Reflector Vanilla ***
[11:48:34] [Realms Notification Availability checker #1/INFO] (Minecraft) Could not authorize you against Realms server: Invalid session id
[11:48:36] [Worker-Main-8/WARN] (Config) [OptiFine] Unknown resource pack type: net.fabricmc.fabric.impl.resource.loader.FabricModResourcePack@5f486de3
[11:48:36] [Worker-Main-8/WARN] (Config) [OptiFine] Unknown resource pack type: net.fabricmc.fabric.impl.resource.loader.FabricModResourcePack@5f486de3
[11:48:36] [Worker-Main-8/WARN] (Config) [OptiFine] Unknown resource pack type: net.fabricmc.fabric.impl.resource.loader.FabricModResourcePack@5f486de3
[11:48:36] [Worker-Main-8/WARN] (Config) [OptiFine] Unknown resource pack type: net.fabricmc.fabric.impl.resource.loader.FabricModResourcePack@5f486de3
[11:48:37] [Worker-Main-8/INFO] (Config) [OptiFine] Multitexture: false
[11:48:37] [Worker-Main-8/WARN] (Config) [OptiFine] Unknown resource pack type: net.fabricmc.fabric.impl.resource.loader.FabricModResourcePack@1bd72fae
[11:48:38] [Worker-Main-8/INFO] (Config) [OptiFine] Multipass connected textures: false
[11:48:38] [Worker-Main-8/INFO] (Config) [OptiFine] ConnectedTextures: optifine/ctm/default/00_glass_white/glass_pane_white.properties
[11:48:38] [Worker-Main-8/INFO] (Config) [OptiFine] ConnectedTextures: optifine/ctm/default/00_glass_white/glass_white.properties
[11:48:38] [Worker-Main-8/INFO] (Config) [OptiFine] ConnectedTextures: optifine/ctm/default/01_glass_orange/glass_orange.properties
[11:48:39] [Worker-Main-8/INFO] (Config) [OptiFine] ConnectedTextures: optifine/ctm/default/01_glass_orange/glass_pane_orange.properties
[11:48:39] [Worker-Main-8/INFO] (Config) [OptiFine] ConnectedTextures: optifine/ctm/default/02_glass_magenta/glass_magenta.properties
[11:48:39] [Worker-Main-8/INFO] (Config) [OptiFine] ConnectedTextures: optifine/ctm/default/02_glass_magenta/glass_pane_magenta.properties
[11:48:39] [Worker-Main-8/INFO] (Config) [OptiFine] ConnectedTextures: optifine/ctm/default/03_glass_light_blue/glass_light_blue.properties
[11:48:39] [Worker-Main-8/INFO] (Config) [OptiFine] ConnectedTextures: optifine/ctm/default/03_glass_light_blue/glass_pane_light_blue.properties
[11:48:40] [Worker-Main-8/INFO] (Config) [OptiFine] ConnectedTextures: optifine/ctm/default/04_glass_yellow/glass_pane_yellow.properties
[11:48:40] [Worker-Main-8/INFO] (Config) [OptiFine] ConnectedTextures: optifine/ctm/default/04_glass_yellow/glass_yellow.properties
[11:48:40] [Worker-Main-8/INFO] (Config) [OptiFine] ConnectedTextures: optifine/ctm/default/05_glass_lime/glass_lime.properties
[11:48:40] [Worker-Main-8/INFO] (Config) [OptiFine] ConnectedTextures: optifine/ctm/default/05_glass_lime/glass_pane_lime.properties
[11:48:41] [Worker-Main-8/INFO] (Config) [OptiFine] ConnectedTextures: optifine/ctm/default/06_glass_pink/glass_pane_pink.properties
[11:48:41] [Worker-Main-8/INFO] (Config) [OptiFine] ConnectedTextures: optifine/ctm/default/06_glass_pink/glass_pink.properties
[11:48:41] [Worker-Main-8/INFO] (Config) [OptiFine] ConnectedTextures: optifine/ctm/default/07_glass_gray/glass_gray.properties
[11:48:41] [Worker-Main-8/INFO] (Config) [OptiFine] ConnectedTextures: optifine/ctm/default/07_glass_gray/glass_pane_gray.properties
[11:48:41] [Worker-Main-8/INFO] (Config) [OptiFine] ConnectedTextures: optifine/ctm/default/08_glass_light_gray/glass_light_gray.properties
[11:48:42] [Worker-Main-8/INFO] (Config) [OptiFine] ConnectedTextures: optifine/ctm/default/08_glass_light_gray/glass_pane_light_gray.properties
[11:48:42] [Worker-Main-8/INFO] (Config) [OptiFine] ConnectedTextures: optifine/ctm/default/09_glass_cyan/glass_cyan.properties
[11:48:42] [Worker-Main-8/INFO] (Config) [OptiFine] ConnectedTextures: optifine/ctm/default/09_glass_cyan/glass_pane_cyan.properties
[11:48:42] [Worker-Main-8/INFO] (Config) [OptiFine] ConnectedTextures: optifine/ctm/default/10_glass_purple/glass_pane_purple.properties
[11:48:42] [Worker-Main-8/INFO] (Config) [OptiFine] ConnectedTextures: optifine/ctm/default/10_glass_purple/glass_purple.properties
[11:48:43] [Worker-Main-8/INFO] (Config) [OptiFine] ConnectedTextures: optifine/ctm/default/11_glass_blue/glass_blue.properties
[11:48:43] [Worker-Main-8/INFO] (Config) [OptiFine] ConnectedTextures: optifine/ctm/default/11_glass_blue/glass_pane_blue.properties
[11:48:43] [Worker-Main-8/INFO] (Config) [OptiFine] ConnectedTextures: optifine/ctm/default/12_glass_brown/glass_brown.properties
[11:48:43] [Worker-Main-8/INFO] (Config) [OptiFine] ConnectedTextures: optifine/ctm/default/12_glass_brown/glass_pane_brown.properties
[11:48:44] [Worker-Main-8/INFO] (Config) [OptiFine] ConnectedTextures: optifine/ctm/default/13_glass_green/glass_green.properties
[11:48:44] [Worker-Main-8/INFO] (Config) [OptiFine] ConnectedTextures: optifine/ctm/default/13_glass_green/glass_pane_green.properties
[11:48:44] [Worker-Main-8/INFO] (Config) [OptiFine] ConnectedTextures: optifine/ctm/default/14_glass_red/glass_pane_red.properties
[11:48:44] [Worker-Main-8/INFO] (Config) [OptiFine] ConnectedTextures: optifine/ctm/default/14_glass_red/glass_red.properties
[11:48:44] [Worker-Main-8/INFO] (Config) [OptiFine] ConnectedTextures: optifine/ctm/default/15_glass_black/glass_black.properties
[11:48:45] [Worker-Main-8/INFO] (Config) [OptiFine] ConnectedTextures: optifine/ctm/default/15_glass_black/glass_pane_black.properties
[11:48:45] [Worker-Main-8/INFO] (Config) [OptiFine] ConnectedTextures: optifine/ctm/default/20_glass/glass.properties
[11:48:45] [Worker-Main-8/INFO] (Config) [OptiFine] ConnectedTextures: optifine/ctm/default/20_glass/glass_pane.properties
[11:48:45] [Worker-Main-8/INFO] (Config) [OptiFine] ConnectedTextures: optifine/ctm/default/21_tinted_glass/tinted_glass.properties
[11:48:45] [Worker-Main-8/INFO] (Config) [OptiFine] ConnectedTextures: optifine/ctm/default/30_bookshelf/bookshelf.properties
[11:48:46] [Worker-Main-8/INFO] (Config) [OptiFine] ConnectedTextures: optifine/ctm/default/40_sandstone/sandstone.properties
[11:48:46] [Worker-Main-8/INFO] (Config) [OptiFine] ConnectedTextures: optifine/ctm/default/41_red_sandstone/red_sandstone.properties
[11:48:46] [Worker-Main-8/INFO] (Config) [OptiFine] Multipass connected textures: false
[11:48:46] [Worker-Main-8/INFO] (Config) [OptiFine] BetterGrass: Parsing default configuration optifine/bettergrass.properties
[11:48:46] [Worker-Main-8/WARN] (Config) [OptiFine] BetterGrass texture not found: minecraft:textures/block/grass_path_top.png
[11:48:46] [Worker-Main-8/WARN] (Config) [OptiFine] BetterGrass texture not found: minecraft:textures/block/grass_path_side.png
[11:48:50] [Worker-Main-8/INFO] (Config) [OptiFine] Mipmap levels: 4
[11:48:52] [Worker-Main-8/INFO] (Config) [OptiFine] Multitexture: false
[11:48:52] [Worker-Main-8/INFO] (Config) [OptiFine] Sprite size: 64
[11:48:52] [Worker-Main-8/INFO] (Config) [OptiFine] Mipmap levels: 6
[11:48:52] [Worker-Main-8/WARN] (Minecraft) Unused frames in sprite minecraft:missingno: [1, 2, 3, 4, 5, 6, 7, 8, 9, 10, 11, 12, 13, 14, 15]
[11:48:52] [Worker-Main-8/INFO] (Config) [OptiFine] Multitexture: false
[11:48:52] [Worker-Main-8/INFO] (Config) [OptiFine] Sprite size: 64
[11:48:52] [Worker-Main-8/INFO] (Config) [OptiFine] Mipmap levels: 6
[11:48:52] [Worker-Main-8/WARN] (Minecraft) Unused frames in sprite minecraft:missingno: [1, 2, 3, 4, 5, 6, 7, 8, 9, 10, 11, 12, 13, 14, 15]
[11:48:52] [Worker-Main-8/INFO] (Config) [OptiFine] Multitexture: false
[11:48:52] [Worker-Main-8/INFO] (Config) [OptiFine] Sprite size: 64
[11:48:52] [Worker-Main-8/INFO] (Config) [OptiFine] Mipmap levels: 6
[11:48:52] [Worker-Main-8/WARN] (Minecraft) Unused frames in sprite minecraft:missingno: [1, 2, 3, 4, 5, 6, 7, 8, 9, 10, 11, 12, 13, 14, 15]
[11:48:52] [Worker-Main-8/INFO] (Config) [OptiFine] Multitexture: false
[11:48:52] [Worker-Main-8/INFO] (Config) [OptiFine] Sprite size: 64
[11:48:52] [Worker-Main-8/INFO] (Config) [OptiFine] Mipmap levels: 6
[11:48:52] [Worker-Main-8/WARN] (Minecraft) Unused frames in sprite minecraft:missingno: [1, 2, 3, 4, 5, 6, 7, 8, 9, 10, 11, 12, 13, 14, 15]
[11:48:52] [Worker-Main-8/INFO] (Config) [OptiFine] Multitexture: false
[11:48:52] [Worker-Main-8/INFO] (Config) [OptiFine] Sprite size: 64
[11:48:52] [Worker-Main-8/INFO] (Config) [OptiFine] Mipmap levels: 6
[11:48:52] [Worker-Main-8/WARN] (Minecraft) Unused frames in sprite minecraft:missingno: [1, 2, 3, 4, 5, 6, 7, 8, 9, 10, 11, 12, 13, 14, 15]
[11:48:52] [Worker-Main-8/INFO] (Config) [OptiFine] Multitexture: false
[11:48:52] [Worker-Main-8/INFO] (Config) [OptiFine] Sprite size: 64
[11:48:52] [Worker-Main-8/INFO] (Config) [OptiFine] Mipmap levels: 6
[11:48:52] [Worker-Main-8/WARN] (Minecraft) Unused frames in sprite minecraft:missingno: [1, 2, 3, 4, 5, 6, 7, 8, 9, 10, 11, 12, 13, 14, 15]
[11:48:53] [Render thread/INFO] (Minecraft) OpenAL initialized.
[11:48:53] [Render thread/INFO] (Minecraft) Sound engine started
[11:48:54] [Render thread/INFO] (Minecraft) Created: 1024x1024x4 minecraft:textures/atlas/blocks.png-atlas
[11:48:54] [Render thread/INFO] (Config) [OptiFine] Animated sprites: 45
[11:48:54] [Render thread/INFO] (Minecraft) Created: 256x128x4 minecraft:textures/atlas/signs.png-atlas
[11:48:54] [Render thread/INFO] (Config) [OptiFine] Animated sprites: 0
[11:48:54] [Render thread/INFO] (Minecraft) Created: 512x512x4 minecraft:textures/atlas/banner_patterns.png-atlas
[11:48:54] [Render thread/INFO] (Config) [OptiFine] Animated sprites: 0
[11:48:54] [Render thread/INFO] (Minecraft) Created: 512x512x4 minecraft:textures/atlas/shield_patterns.png-atlas
[11:48:54] [Render thread/INFO] (Config) [OptiFine] Animated sprites: 0
[11:48:54] [Render thread/INFO] (Minecraft) Created: 256x256x4 minecraft:textures/atlas/chest.png-atlas
[11:48:54] [Render thread/INFO] (Config) [OptiFine] Animated sprites: 0
[11:48:54] [Render thread/INFO] (Minecraft) Created: 512x256x4 minecraft:textures/atlas/beds.png-atlas
[11:48:54] [Render thread/INFO] (Config) [OptiFine] Animated sprites: 0
[11:48:54] [Render thread/INFO] (Minecraft) Created: 512x256x4 minecraft:textures/atlas/shulker_boxes.png-atlas
[11:48:54] [Render thread/INFO] (Config) [OptiFine] Animated sprites: 0
[11:48:57] [Render thread/INFO] (Minecraft) Created: 256x256x0 minecraft:textures/atlas/particles.png-atlas
[11:48:57] [Render thread/INFO] (Config) [OptiFine] Animated sprites: 1
[11:48:57] [Render thread/INFO] (Minecraft) Created: 256x256x0 minecraft:textures/atlas/paintings.png-atlas
[11:48:57] [Render thread/INFO] (Config) [OptiFine] Animated sprites: 0
[11:48:57] [Render thread/INFO] (Minecraft) Created: 128x128x0 minecraft:textures/atlas/mob_effects.png-atlas
[11:48:57] [Render thread/INFO] (Config) [OptiFine] Animated sprites: 0
[11:48:57] [Render thread/INFO] (Config) [OptiFine] *** Reloading custom textures ***
[11:48:57] [Render thread/WARN] (Config) [OptiFine] Unknown resource pack type: net.fabricmc.fabric.impl.resource.loader.FabricModResourcePack@53a1cb2a
[11:48:57] [Render thread/WARN] (Config) [OptiFine] Unknown resource pack type: net.fabricmc.fabric.impl.resource.loader.FabricModResourcePack@7ee856e2
[11:48:57] [Render thread/WARN] (Config) [OptiFine] Unknown resource pack type: net.fabricmc.fabric.impl.resource.loader.FabricModResourcePack@5b741fc3
[11:48:58] [Render thread/WARN] (Config) [OptiFine] Unknown resource pack type: net.fabricmc.fabric.impl.resource.loader.FabricModResourcePack@2a85208b
[11:48:58] [Render thread/WARN] (Config) [OptiFine] Model renderer not found, model: creeper, name: armor
[11:49:00] [Render thread/WARN] (Config) [OptiFine] Unknown resource pack type: net.fabricmc.fabric.impl.resource.loader.FabricModResourcePack@17eb4a5b
[11:49:00] [Render thread/WARN] (Config) [OptiFine] Unknown resource pack type: net.fabricmc.fabric.impl.resource.loader.FabricModResourcePack@3fb835cb
[11:49:00] [Render thread/INFO] (Config) [OptiFine] Disable Forge light pipeline
[11:49:00] [Render thread/INFO] (Minecraft) [STDOUT]: This line is printed by an example mod mixin!
[11:49:11] [Render thread/INFO] (Minecraft) [STDOUT]: This line is printed by an example mod mixin!
[11:49:16] [Render thread/WARN] (Minecraft) Ambiguity between arguments [teleport, location] and [teleport, destination] with inputs: [0.1 -0.5 .9, 0 0 0]
[11:49:16] [Render thread/WARN] (Minecraft) Ambiguity between arguments [teleport, location] and [teleport, targets] with inputs: [0.1 -0.5 .9, 0 0 0]
[11:49:16] [Render thread/WARN] (Minecraft) Ambiguity between arguments [teleport, destination] and [teleport, targets] with inputs: [Player, 0123, @e, dd12be42-52a9-4a91-a8a1-11c01849e498]
[11:49:16] [Render thread/WARN] (Minecraft) Ambiguity between arguments [teleport, targets] and [teleport, destination] with inputs: [Player, 0123, dd12be42-52a9-4a91-a8a1-11c01849e498]
[11:49:16] [Render thread/WARN] (Minecraft) Ambiguity between arguments [teleport, targets, location] and [teleport, targets, destination] with inputs: [0.1 -0.5 .9, 0 0 0]
[11:49:16] [Render thread/INFO] (Minecraft) Reloading ResourceManager: Default, Fabric Mods (Fabric Tool Attribute API (v1))
[11:49:17] [Render thread/INFO] (Minecraft) Loaded 7 recipes
[11:49:18] [Render thread/INFO] (Minecraft) Loaded 1137 advancements
[11:49:18] [Render thread/INFO] (BiomeModificationImpl) Applied 0 biome modifications to 0 of 81 new biomes in 6.049 ms
[11:49:21] [Render thread/INFO] (Minecraft) Environment: authHost='https://authserver.mojang.com', accountsHost='https://api.mojang.com', sessionHost='https://sessionserver.mojang.com', servicesHost='https://api.minecraftservices.com', name='PROD'
[11:49:21] [Server thread/INFO] (Minecraft) Starting integrated minecraft server version 1.17.1
[11:49:21] [Server thread/INFO] (Minecraft) Generating keypair
[11:49:22] [Server thread/INFO] (Minecraft) Preparing start region for dimension minecraft:overworld
[11:49:23] [Render thread/INFO] (Minecraft) Preparing spawn area: 0%
[11:49:23] [Render thread/INFO] (Minecraft) Preparing spawn area: 0%
[11:49:23] [Render thread/INFO] (Minecraft) Preparing spawn area: 0%
[11:49:31] [Render thread/INFO] (Minecraft) Preparing spawn area: 0%
[11:49:31] [Render thread/INFO] (Minecraft) Preparing spawn area: 0%
[11:49:31] [Render thread/INFO] (Minecraft) Preparing spawn area: 0%
[11:49:31] [Render thread/INFO] (Minecraft) Preparing spawn area: 0%
[11:49:31] [Render thread/INFO] (Minecraft) Preparing spawn area: 0%
[11:49:31] [Render thread/INFO] (Minecraft) Preparing spawn area: 0%
[11:49:31] [Render thread/INFO] (Minecraft) Preparing spawn area: 0%
[11:49:31] [Render thread/INFO] (Minecraft) Preparing spawn area: 0%
[11:49:31] [Render thread/INFO] (Minecraft) Preparing spawn area: 0%
[11:49:31] [Render thread/INFO] (Minecraft) Preparing spawn area: 0%
[11:49:31] [Render thread/INFO] (Minecraft) Preparing spawn area: 0%
[11:49:31] [Render thread/INFO] (Minecraft) Preparing spawn area: 0%
[11:49:31] [Render thread/INFO] (Minecraft) Preparing spawn area: 0%
[11:49:31] [Render thread/INFO] (Minecraft) Preparing spawn area: 0%
[11:49:31] [Render thread/INFO] (Minecraft) Preparing spawn area: 0%
[11:49:31] [Render thread/INFO] (Minecraft) Preparing spawn area: 0%
[11:49:31] [Render thread/INFO] (Minecraft) Preparing spawn area: 5%
[11:49:32] [Render thread/INFO] (Minecraft) Preparing spawn area: 5%
[11:49:33] [Render thread/INFO] (Minecraft) Preparing spawn area: 5%
[11:49:33] [Render thread/INFO] (Minecraft) Preparing spawn area: 46%
[11:49:33] [Render thread/INFO] (Minecraft) Preparing spawn area: 46%
[11:49:34] [Render thread/INFO] (Minecraft) Preparing spawn area: 58%
[11:49:35] [Render thread/INFO] (Minecraft) Preparing spawn area: 60%
[11:49:35] [Render thread/INFO] (Minecraft) Preparing spawn area: 68%
[11:49:35] [Render thread/INFO] (Minecraft) Preparing spawn area: 68%
[11:49:36] [Render thread/INFO] (Minecraft) Preparing spawn area: 68%
[11:49:36] [Render thread/INFO] (Minecraft) Preparing spawn area: 70%
[11:49:37] [Render thread/INFO] (Minecraft) Preparing spawn area: 71%
[11:49:37] [Render thread/INFO] (Minecraft) Preparing spawn area: 72%
[11:49:38] [Render thread/INFO] (Minecraft) Preparing spawn area: 74%
[11:49:38] [Render thread/INFO] (Minecraft) Preparing spawn area: 77%
[11:49:39] [Render thread/INFO] (Minecraft) Preparing spawn area: 77%
[11:49:39] [Render thread/INFO] (Minecraft) Preparing spawn area: 82%
[11:49:40] [Render thread/INFO] (Minecraft) Preparing spawn area: 83%
[11:49:40] [Render thread/INFO] (Minecraft) Preparing spawn area: 83%
[11:49:41] [Render thread/INFO] (Minecraft) Preparing spawn area: 83%
[11:49:41] [Render thread/INFO] (Minecraft) Preparing spawn area: 85%
[11:49:42] [Render thread/INFO] (Minecraft) Preparing spawn area: 86%
[11:49:42] [Render thread/INFO] (Minecraft) Preparing spawn area: 88%
[11:49:43] [Render thread/INFO] (Minecraft) Preparing spawn area: 89%
[11:49:43] [Render thread/INFO] (Minecraft) Preparing spawn area: 91%
[11:49:44] [Render thread/INFO] (Minecraft) Preparing spawn area: 93%
[11:49:44] [Render thread/INFO] (Minecraft) Preparing spawn area: 95%
[11:49:45] [Render thread/INFO] (Minecraft) Preparing spawn area: 96%
[11:49:45] [Render thread/INFO] (Minecraft) Preparing spawn area: 99%
[11:49:46] [Render thread/INFO] (Minecraft) Time elapsed: 23762 ms
[11:49:46] [Server thread/INFO] (Minecraft) Changing view distance to 7, from 10
[11:49:47] [Server thread/INFO] (Minecraft) Player393[local:E:e8765732] logged in with entity id 263 at (218.20440574961657, 69.36367964895058, -21.225764492614456)
[11:49:47] [Server thread/INFO] (Minecraft) Player393 joined the game
[11:49:48] [REI-ReloadPlugins/INFO] (REI) Reloading Plugin Manager [REIPlugin] stage [START], registered 4 plugins: DefaultRuntimePlugin, DefaultClientRuntimePlugin, DefaultPlugin, DefaultClientPlugin
[11:49:48] [REI-ReloadPlugins/INFO] (REI) Reloaded Plugin Manager [REIPlugin] with 2 entry types, 5 item comparators, 0 fluid comparators and 1 fluid support providers in 291ms.
[11:49:48] [REI-ReloadPlugins/INFO] (REI) Reloading Plugin Manager [REIClientPlugin] stage [START], registered 2 plugins: DefaultClientRuntimePlugin, DefaultClientPlugin
[11:49:48] [Render thread/INFO] (Minecraft) [STDOUT]: Replacement `renderBlock` call:  renderBlock.(Lnet/minecraft/class_2680;Lnet/minecraft/class_2338;Lnet/minecraft/class_1920;Lnet/minecraft/class_4587;Lnet/minecraft/class_4588;ZLjava/util/Random;)Z
[11:49:49] [REI-ReloadPlugins/INFO] (REI) Reloaded Plugin Manager [REIClientPlugin] with 1371 entries, 0 displays, 0 display visibility predicates, 0 categories (), 4 exclusion zones and 4 overlay deciders in 644ms.
[11:49:49] [REI-ReloadPlugins/INFO] (REI) Reloading Plugin Manager [REIServerPlugin] stage [START], registered 2 plugins: DefaultRuntimePlugin, DefaultPlugin
[11:49:49] [REI-ReloadPlugins/INFO] (REI) Reloaded Plugin Manager [REIServerPlugin] with 0 menu infos in 4ms.
[11:49:49] [Render thread/WARN] (REI) Suppressing Reload Plugins!
[11:49:49] [Server thread/INFO] (Minecraft) Saving and pausing game...
[11:49:49] [Server thread/INFO] (Minecraft) Saving chunks for level 'ServerLevel[New World]'/minecraft:overworld
[11:49:49] [REI-ReloadPlugins/INFO] (REI) Reloading Plugin Manager [REIPlugin] stage [END], registered 4 plugins: DefaultRuntimePlugin, DefaultClientRuntimePlugin, DefaultPlugin, DefaultClientPlugin
[11:49:49] [REI-ReloadPlugins/INFO] (REI) Reloaded Plugin Manager [REIPlugin] with 2 entry types, 5 item comparators, 0 fluid comparators and 1 fluid support providers in 107ms.
[11:49:49] [REI-ReloadPlugins/INFO] (REI) Reloading Plugin Manager [REIClientPlugin] stage [END], registered 2 plugins: DefaultClientRuntimePlugin, DefaultClientPlugin
[11:49:50] [REI-ReloadPlugins/INFO] (REI) Reloaded Plugin Manager [REIClientPlugin] with 1371 entries, 1541 displays, 0 display visibility predicates, 16 categories (Crafting, Smelting, Smoking, Blasting, Campfire, Stone Cutting, Fuel, Brewing, Composting, Stripping, Smithing, Beacon Base, Beacon Payment, Tilling, Pathing, Information), 4 exclusion zones and 4 overlay deciders in 413ms.
[11:49:50] [REI-ReloadPlugins/INFO] (REI) Reloading Plugin Manager [REIServerPlugin] stage [END], registered 2 plugins: DefaultRuntimePlugin, DefaultPlugin
[11:49:50] [REI-ReloadPlugins/INFO] (REI) Reloaded Plugin Manager [REIServerPlugin] with 4 menu infos in 44ms.
[11:49:50] [Render thread/INFO] (Minecraft) Loaded 0 advancements
[11:49:50] [Render thread/INFO] (Minecraft) [CHAT] A new §eOptiFine§f version is available: §e§nHD Ultra G9§r§f
[11:49:50] [Server thread/INFO] (Minecraft) Saving chunks for level 'ServerLevel[New World]'/minecraft:the_nether
[11:49:50] [Server thread/INFO] (Minecraft) Saving chunks for level 'ServerLevel[New World]'/minecraft:the_end
[11:49:50] [Server thread/WARN] (Minecraft) Can't keep up! Is the server overloaded? Running 3301ms or 66 ticks behind
[11:53:27] [Server thread/INFO] (Minecraft) Saving and pausing game...
[11:53:27] [Server thread/INFO] (Minecraft) Saving chunks for level 'ServerLevel[New World]'/minecraft:overworld
[11:53:27] [Server thread/INFO] (Minecraft) Saving chunks for level 'ServerLevel[New World]'/minecraft:the_nether
[11:53:27] [Server thread/INFO] (Minecraft) Saving chunks for level 'ServerLevel[New World]'/minecraft:the_end
[11:53:28] [Server thread/INFO] (Minecraft) Player393 lost connection: Disconnected
[11:53:28] [Server thread/INFO] (Minecraft) Player393 left the game
[11:53:28] [Server thread/INFO] (Minecraft) Stopping singleplayer server as player logged out
[11:53:28] [Server thread/INFO] (Minecraft) Stopping server
[11:53:28] [Server thread/INFO] (Minecraft) Saving players
[11:53:28] [Server thread/INFO] (Minecraft) Saving worlds
[11:53:28] [Server thread/INFO] (Minecraft) Saving chunks for level 'ServerLevel[New World]'/minecraft:overworld
[11:53:28] [Server thread/INFO] (Minecraft) Saving chunks for level 'ServerLevel[New World]'/minecraft:the_nether
[11:53:28] [Server thread/INFO] (Minecraft) Saving chunks for level 'ServerLevel[New World]'/minecraft:the_end
[11:53:29] [Server thread/INFO] (Minecraft) ThreadedAnvilChunkStorage (New World): All chunks are saved
[11:53:29] [Server thread/INFO] (Minecraft) ThreadedAnvilChunkStorage (DIM-1): All chunks are saved
[11:53:29] [Server thread/INFO] (Minecraft) ThreadedAnvilChunkStorage (DIM1): All chunks are saved
[11:53:29] [Server thread/INFO] (Minecraft) ThreadedAnvilChunkStorage: All dimensions are saved
[11:53:29] [Render thread/INFO] (Minecraft) [STDOUT]: This line is printed by an example mod mixin!
[12:02:15] [Render thread/INFO] (Minecraft) Stopping!
